<?xml version="1.0"?>

<!--  An X-Trace config for testing config parsing and loading -->

<Configuration>
    <Filters>
        <Disabled>edu.berkeley.xtrace.XTraceContext</Disabled>
    </Filters>
</Configuration>