<?xml version="1.0"?>

<!--  An X-Trace config for testing config parsing and loading -->

<Configuration>
    <XTrace>Disabled</XTrace>
    <Filters>
        <Default>Disabled</Default>
        <Enabled>edu.berkeley.xtrace.XTraceContext</Enabled>
        <Enabled>edu.berkeley.xtrace.XTraceMetadata</Enabled>
        <Disabled>edu.berkeley.xtrace.XTraceEvent</Disabled>
        <Disabled>edu.berkeley.xtrace.XTraceProcess</Disabled>
        <Enabled>edu.berkeley.xtrace.XTraceMetadataCollection</Enabled>
        <Enabled>edu.berkeley.xtrace.IoUtil</Enabled>
        <Disabled>edu.berkeley.xtrace.OptionField</Disabled>
        <Disabled>edu.berkeley.xtrace.TaskID</Disabled>
    </Filters>
</Configuration>