<?xml version="1.0"?>

<!--  An X-Trace config for testing config parsing and loading -->

<Configuration>
    <Filters>
        <Enabled>edu.berkeley.xtrace.XTraceContext</Enabled>
    </Filters>
</Configuration>