<?xml version="1.0"?>

<!--  An X-Trace config for testing config parsing and loading -->

<Configuration>
    <XTrace>Disabled</XTrace>
</Configuration>